[2026-02-03 11:12:14.804] [INFO    ] [ACCOUNT   ] [Thread-140714650624640] {"timestamp": "2026-02-03T11:12:14.804082", "username": "TIKTOK1", "action": "CreateBrowserContext", "result": "STARTED", "metadata": {}}
[2026-02-03 11:12:14.804] [INFO    ] [ACCOUNT   ] [Thread-140714650624640] {"timestamp": "2026-02-03T11:12:14.804610", "username": "TIKTOK1", "action": "LoadCookies", "result": "SUCCESS", "metadata": {"days_remaining": 5}}
[2026-02-03 11:12:17.427] [INFO    ] [ACCOUNT   ] [Thread-140714650624640] {"timestamp": "2026-02-03T11:12:17.427834", "username": "TIKTOK1", "action": "CreateBrowserContext", "result": "FAILED", "metadata": {"reason": "Context creation failed"}}
[2026-02-03 11:12:47.450] [INFO    ] [ACCOUNT   ] [Thread-140714650624640] {"timestamp": "2026-02-03T11:12:47.450674", "username": "TIKTOK1", "action": "CreateBrowserContext", "result": "STARTED", "metadata": {}}
[2026-02-03 11:12:47.451] [INFO    ] [ACCOUNT   ] [Thread-140714650624640] {"timestamp": "2026-02-03T11:12:47.451189", "username": "TIKTOK1", "action": "LoadCookies", "result": "SUCCESS", "metadata": {"days_remaining": 5}}
[2026-02-03 11:12:47.724] [INFO    ] [ACCOUNT   ] [Thread-140714650624640] {"timestamp": "2026-02-03T11:12:47.724693", "username": "TIKTOK1", "action": "CreateBrowserContext", "result": "FAILED", "metadata": {"reason": "Context creation failed"}}
[2026-02-03 11:13:17.752] [INFO    ] [ACCOUNT   ] [Thread-140714650624640] {"timestamp": "2026-02-03T11:13:17.752009", "username": "TIKTOK1", "action": "CreateBrowserContext", "result": "STARTED", "metadata": {}}
[2026-02-03 11:13:17.752] [INFO    ] [ACCOUNT   ] [Thread-140714650624640] {"timestamp": "2026-02-03T11:13:17.752615", "username": "TIKTOK1", "action": "LoadCookies", "result": "SUCCESS", "metadata": {"days_remaining": 5}}
[2026-02-03 11:13:18.012] [INFO    ] [ACCOUNT   ] [Thread-140714650624640] {"timestamp": "2026-02-03T11:13:18.012062", "username": "TIKTOK1", "action": "CreateBrowserContext", "result": "FAILED", "metadata": {"reason": "Context creation failed"}}
[2026-03-13 13:27:04.985] [INFO    ] [ACCOUNT   ] [Thread-139911600194176] {"timestamp": "2026-03-13T13:27:04.985777", "username": "test_user_affilify", "action": "SaveCookies", "result": "SUCCESS", "metadata": {"file": "affilify_data/cookies/test_user_affilify.json"}}
[2026-03-13 13:27:05.365] [INFO    ] [ACCOUNT   ] [Thread-139911600194176] {"timestamp": "2026-03-13T13:27:05.365585", "username": "test_user_affilify", "action": "CreateBrowserContext", "result": "STARTED", "metadata": {}}
[2026-03-13 13:27:05.366] [INFO    ] [ACCOUNT   ] [Thread-139911600194176] {"timestamp": "2026-03-13T13:27:05.366140", "username": "test_user_affilify", "action": "LoadCookies", "result": "SUCCESS", "metadata": {"days_remaining": 29}}
[2026-03-13 13:27:05.750] [INFO    ] [ACCOUNT   ] [Thread-139911600194176] {"timestamp": "2026-03-13T13:27:05.750476", "username": "test_user_affilify", "action": "SadCaptchaInit", "result": "STARTED", "metadata": {}}
[2026-03-13 13:27:06.085] [INFO    ] [ACCOUNT   ] [Thread-139911600194176] {"timestamp": "2026-03-13T13:27:06.085114", "username": "test_user_affilify", "action": "SadCaptchaInit", "result": "SUCCESS", "metadata": {}}
[2026-03-13 13:27:06.094] [INFO    ] [ACCOUNT   ] [Thread-139911600194176] {"timestamp": "2026-03-13T13:27:06.094664", "username": "test_user_affilify", "action": "CreateBrowserContext", "result": "SUCCESS", "metadata": {"headless": true, "sadcaptcha_enabled": true}}
[2026-03-13 13:27:06.095] [INFO    ] [ACCOUNT   ] [Thread-139911600194176] {"timestamp": "2026-03-13T13:27:06.095148", "username": "test_user_affilify", "action": "CreateBrowserContext", "result": "SUCCESS", "metadata": {"duration": 0.72956}}
[2026-03-13 13:27:06.095] [INFO    ] [ACCOUNT   ] [Thread-139911600194176] {"timestamp": "2026-03-13T13:27:06.095215", "username": "test_user_affilify", "action": "OpenPage", "result": "STARTED", "metadata": {"url": "https://www.tiktok.com/@bellapoarch/video/6862153058223197445"}}
[2026-03-13 13:27:06.129] [INFO    ] [ACCOUNT   ] [Thread-139911600194176] {"timestamp": "2026-03-13T13:27:06.129319", "username": "test_user_affilify", "action": "NavigateToVideo", "result": "STARTED", "metadata": {"url": "https://www.tiktok.com/@bellapoarch/video/6862153058223197445"}}
[2026-03-13 13:27:23.995] [INFO    ] [ACCOUNT   ] [Thread-139911600194176] {"timestamp": "2026-03-13T13:27:23.995318", "username": "test_user_affilify", "action": "NavigateToVideo", "result": "SUCCESS", "metadata": {"duration": 17.865988}}
[2026-03-13 13:27:23.995] [INFO    ] [ACCOUNT   ] [Thread-139911600194176] {"timestamp": "2026-03-13T13:27:23.995621", "username": "test_user_affilify", "action": "WatchVideo", "result": "STARTED", "metadata": {"planned_duration": "23.8s"}}
[2026-03-13 13:27:24.000] [INFO    ] [ACCOUNT   ] [Thread-139911600194176] {"timestamp": "2026-03-13T13:27:24.000441", "username": "test_user_affilify", "action": "CloseBrowserContext", "result": "STARTED", "metadata": {}}
[2026-03-13 13:27:24.072] [INFO    ] [ACCOUNT   ] [Thread-139911600194176] {"timestamp": "2026-03-13T13:27:24.072845", "username": "test_user_affilify", "action": "CloseBrowserContext", "result": "SUCCESS", "metadata": {}}
[2026-03-13 13:27:24.073] [INFO    ] [ACCOUNT   ] [Thread-139911600194176] {"timestamp": "2026-03-13T13:27:24.073548", "username": "test_user_affilify", "action": "CloseBrowserContext", "result": "SUCCESS", "metadata": {"duration": 0.072998}}
[2026-03-13 13:27:47.550] [INFO    ] [ACCOUNT   ] [Thread-139668213838464] {"timestamp": "2026-03-13T13:27:47.550684", "username": "test_user_affilify", "action": "SaveCookies", "result": "SUCCESS", "metadata": {"file": "affilify_data/cookies/test_user_affilify.json"}}
[2026-03-13 13:27:47.914] [INFO    ] [ACCOUNT   ] [Thread-139668213838464] {"timestamp": "2026-03-13T13:27:47.914018", "username": "test_user_affilify", "action": "CreateBrowserContext", "result": "STARTED", "metadata": {}}
[2026-03-13 13:27:47.914] [INFO    ] [ACCOUNT   ] [Thread-139668213838464] {"timestamp": "2026-03-13T13:27:47.914563", "username": "test_user_affilify", "action": "LoadCookies", "result": "SUCCESS", "metadata": {"days_remaining": 29}}
[2026-03-13 13:27:48.285] [INFO    ] [ACCOUNT   ] [Thread-139668213838464] {"timestamp": "2026-03-13T13:27:48.284924", "username": "test_user_affilify", "action": "SadCaptchaInit", "result": "STARTED", "metadata": {}}
[2026-03-13 13:27:48.512] [INFO    ] [ACCOUNT   ] [Thread-139668213838464] {"timestamp": "2026-03-13T13:27:48.511945", "username": "test_user_affilify", "action": "SadCaptchaInit", "result": "SUCCESS", "metadata": {}}
[2026-03-13 13:27:48.591] [INFO    ] [ACCOUNT   ] [Thread-139668213838464] {"timestamp": "2026-03-13T13:27:48.591417", "username": "test_user_affilify", "action": "CreateBrowserContext", "result": "SUCCESS", "metadata": {"headless": true, "sadcaptcha_enabled": true}}
[2026-03-13 13:27:48.591] [INFO    ] [ACCOUNT   ] [Thread-139668213838464] {"timestamp": "2026-03-13T13:27:48.591940", "username": "test_user_affilify", "action": "CreateBrowserContext", "result": "SUCCESS", "metadata": {"duration": 0.677918}}
[2026-03-13 13:27:48.592] [INFO    ] [ACCOUNT   ] [Thread-139668213838464] {"timestamp": "2026-03-13T13:27:48.592005", "username": "test_user_affilify", "action": "OpenPage", "result": "STARTED", "metadata": {"url": "https://www.tiktok.com/@bellapoarch/video/6862153058223197445"}}
[2026-03-13 13:27:48.626] [INFO    ] [ACCOUNT   ] [Thread-139668213838464] {"timestamp": "2026-03-13T13:27:48.626829", "username": "test_user_affilify", "action": "NavigateToVideo", "result": "STARTED", "metadata": {"url": "https://www.tiktok.com/@bellapoarch/video/6862153058223197445"}}
[2026-03-13 13:27:57.759] [INFO    ] [ACCOUNT   ] [Thread-139668213838464] {"timestamp": "2026-03-13T13:27:57.759111", "username": "test_user_affilify", "action": "NavigateToVideo", "result": "SUCCESS", "metadata": {"duration": 9.132266}}
[2026-03-13 13:27:57.759] [INFO    ] [ACCOUNT   ] [Thread-139668213838464] {"timestamp": "2026-03-13T13:27:57.759388", "username": "test_user_affilify", "action": "WatchVideo", "result": "STARTED", "metadata": {"planned_duration": "16.1s"}}
[2026-03-13 13:28:24.222] [INFO    ] [ACCOUNT   ] [Thread-139668213838464] {"timestamp": "2026-03-13T13:28:24.221963", "username": "test_user_affilify", "action": "WatchVideo", "result": "SUCCESS", "metadata": {"actual_duration": 26.462556}}
[2026-03-13 13:28:24.222] [INFO    ] [ACCOUNT   ] [Thread-139668213838464] {"timestamp": "2026-03-13T13:28:24.222302", "username": "test_user_affilify", "action": "ScrollToComments", "result": "STARTED", "metadata": {}}
[2026-03-13 13:28:31.363] [INFO    ] [ACCOUNT   ] [Thread-139668213838464] {"timestamp": "2026-03-13T13:28:31.363917", "username": "test_user_affilify", "action": "ScrollToComments", "result": "SUCCESS", "metadata": {}}
[2026-03-13 13:28:31.364] [INFO    ] [ACCOUNT   ] [Thread-139668213838464] {"timestamp": "2026-03-13T13:28:31.364181", "username": "test_user_affilify", "action": "FindCommentBox", "result": "STARTED", "metadata": {}}
[2026-03-13 13:28:31.408] [INFO    ] [ACCOUNT   ] [Thread-139668213838464] {"timestamp": "2026-03-13T13:28:31.408763", "username": "test_user_affilify", "action": "FindCommentBox", "result": "FAILED_ATTEMPTING_AI_RECOVERY", "metadata": {}}
[2026-03-13 13:28:31.440] [INFO    ] [ACCOUNT   ] [Thread-139668213838464] {"timestamp": "2026-03-13T13:28:31.440116", "username": "test_user_affilify", "action": "FindCommentBox", "result": "FAILED_PERMANENTLY", "metadata": {}}
[2026-03-13 13:28:31.440] [INFO    ] [ACCOUNT   ] [Thread-139668213838464] {"timestamp": "2026-03-13T13:28:31.440633", "username": "test_user_affilify", "action": "CloseBrowserContext", "result": "STARTED", "metadata": {}}
[2026-03-13 13:28:31.493] [INFO    ] [ACCOUNT   ] [Thread-139668213838464] {"timestamp": "2026-03-13T13:28:31.493089", "username": "test_user_affilify", "action": "CloseBrowserContext", "result": "SUCCESS", "metadata": {}}
[2026-03-13 13:28:31.493] [INFO    ] [ACCOUNT   ] [Thread-139668213838464] {"timestamp": "2026-03-13T13:28:31.493537", "username": "test_user_affilify", "action": "CloseBrowserContext", "result": "SUCCESS", "metadata": {"duration": 0.052847}}
[2026-03-13 13:29:00.541] [INFO    ] [ACCOUNT   ] [Thread-140194678153856] {"timestamp": "2026-03-13T13:29:00.541616", "username": "test_user_affilify", "action": "SaveCookies", "result": "SUCCESS", "metadata": {"file": "affilify_data/cookies/test_user_affilify.json"}}
[2026-03-13 13:29:00.919] [INFO    ] [ACCOUNT   ] [Thread-140194678153856] {"timestamp": "2026-03-13T13:29:00.919563", "username": "test_user_affilify", "action": "CreateBrowserContext", "result": "STARTED", "metadata": {}}
[2026-03-13 13:29:00.920] [INFO    ] [ACCOUNT   ] [Thread-140194678153856] {"timestamp": "2026-03-13T13:29:00.920152", "username": "test_user_affilify", "action": "LoadCookies", "result": "SUCCESS", "metadata": {"days_remaining": 29}}
[2026-03-13 13:29:01.339] [INFO    ] [ACCOUNT   ] [Thread-140194678153856] {"timestamp": "2026-03-13T13:29:01.339649", "username": "test_user_affilify", "action": "SadCaptchaInit", "result": "STARTED", "metadata": {}}
[2026-03-13 13:29:01.554] [INFO    ] [ACCOUNT   ] [Thread-140194678153856] {"timestamp": "2026-03-13T13:29:01.554061", "username": "test_user_affilify", "action": "SadCaptchaInit", "result": "SUCCESS", "metadata": {}}
[2026-03-13 13:29:01.563] [INFO    ] [ACCOUNT   ] [Thread-140194678153856] {"timestamp": "2026-03-13T13:29:01.563764", "username": "test_user_affilify", "action": "CreateBrowserContext", "result": "SUCCESS", "metadata": {"headless": true, "sadcaptcha_enabled": true}}
[2026-03-13 13:29:01.564] [INFO    ] [ACCOUNT   ] [Thread-140194678153856] {"timestamp": "2026-03-13T13:29:01.564252", "username": "test_user_affilify", "action": "CreateBrowserContext", "result": "SUCCESS", "metadata": {"duration": 0.644686}}
[2026-03-13 13:29:01.564] [INFO    ] [ACCOUNT   ] [Thread-140194678153856] {"timestamp": "2026-03-13T13:29:01.564320", "username": "test_user_affilify", "action": "OpenPage", "result": "STARTED", "metadata": {"url": "https://www.tiktok.com/@bellapoarch/video/6862153058223197445"}}
[2026-03-13 13:29:01.598] [INFO    ] [ACCOUNT   ] [Thread-140194678153856] {"timestamp": "2026-03-13T13:29:01.598277", "username": "test_user_affilify", "action": "NavigateToVideo", "result": "STARTED", "metadata": {"url": "https://www.tiktok.com/@bellapoarch/video/6862153058223197445"}}
[2026-03-13 13:29:13.238] [INFO    ] [ACCOUNT   ] [Thread-140194678153856] {"timestamp": "2026-03-13T13:29:13.238280", "username": "test_user_affilify", "action": "NavigateToVideo", "result": "SUCCESS", "metadata": {"duration": 11.639993}}
[2026-03-13 13:29:13.238] [INFO    ] [ACCOUNT   ] [Thread-140194678153856] {"timestamp": "2026-03-13T13:29:13.238523", "username": "test_user_affilify", "action": "WatchVideo", "result": "STARTED", "metadata": {"planned_duration": "16.8s"}}
[2026-03-13 13:29:48.309] [INFO    ] [ACCOUNT   ] [Thread-140194678153856] {"timestamp": "2026-03-13T13:29:48.309879", "username": "test_user_affilify", "action": "WatchVideo", "result": "SUCCESS", "metadata": {"actual_duration": 35.071354}}
[2026-03-13 13:29:48.310] [INFO    ] [ACCOUNT   ] [Thread-140194678153856] {"timestamp": "2026-03-13T13:29:48.310165", "username": "test_user_affilify", "action": "ScrollToComments", "result": "STARTED", "metadata": {}}
[2026-03-13 13:29:55.619] [INFO    ] [ACCOUNT   ] [Thread-140194678153856] {"timestamp": "2026-03-13T13:29:55.619505", "username": "test_user_affilify", "action": "ScrollToComments", "result": "SUCCESS", "metadata": {}}
[2026-03-13 13:29:55.619] [INFO    ] [ACCOUNT   ] [Thread-140194678153856] {"timestamp": "2026-03-13T13:29:55.619859", "username": "test_user_affilify", "action": "FindCommentBox", "result": "STARTED", "metadata": {}}
[2026-03-13 13:29:55.672] [INFO    ] [ACCOUNT   ] [Thread-140194678153856] {"timestamp": "2026-03-13T13:29:55.672877", "username": "test_user_affilify", "action": "FindCommentBox", "result": "FAILED_ATTEMPTING_AI_RECOVERY", "metadata": {}}
[2026-03-13 13:29:55.708] [INFO    ] [ACCOUNT   ] [Thread-140194678153856] {"timestamp": "2026-03-13T13:29:55.708514", "username": "test_user_affilify", "action": "FindCommentBox", "result": "FAILED_PERMANENTLY", "metadata": {}}
[2026-03-13 13:29:55.709] [INFO    ] [ACCOUNT   ] [Thread-140194678153856] {"timestamp": "2026-03-13T13:29:55.709137", "username": "test_user_affilify", "action": "CloseBrowserContext", "result": "STARTED", "metadata": {}}
[2026-03-13 13:29:55.770] [INFO    ] [ACCOUNT   ] [Thread-140194678153856] {"timestamp": "2026-03-13T13:29:55.770027", "username": "test_user_affilify", "action": "CloseBrowserContext", "result": "SUCCESS", "metadata": {}}
[2026-03-13 13:29:55.770] [INFO    ] [ACCOUNT   ] [Thread-140194678153856] {"timestamp": "2026-03-13T13:29:55.770572", "username": "test_user_affilify", "action": "CloseBrowserContext", "result": "SUCCESS", "metadata": {"duration": 0.061374}}
[2026-03-13 13:34:11.066] [INFO    ] [ACCOUNT   ] [Thread-140022464049792] {"timestamp": "2026-03-13T13:34:11.066691", "username": "lokihe", "action": "CreateBrowserContext", "result": "STARTED", "metadata": {}}
[2026-03-13 13:34:11.067] [INFO    ] [ACCOUNT   ] [Thread-140022464049792] {"timestamp": "2026-03-13T13:34:11.067329", "username": "lokihe", "action": "LoadCookies", "result": "SUCCESS", "metadata": {"days_remaining": 29}}
[2026-03-13 13:34:11.430] [INFO    ] [ACCOUNT   ] [Thread-140022464049792] {"timestamp": "2026-03-13T13:34:11.430314", "username": "lokihe", "action": "SadCaptchaInit", "result": "STARTED", "metadata": {}}
[2026-03-13 13:34:11.732] [INFO    ] [ACCOUNT   ] [Thread-140022464049792] {"timestamp": "2026-03-13T13:34:11.732240", "username": "lokihe", "action": "SadCaptchaInit", "result": "SUCCESS", "metadata": {}}
[2026-03-13 13:34:11.742] [INFO    ] [ACCOUNT   ] [Thread-140022464049792] {"timestamp": "2026-03-13T13:34:11.742828", "username": "lokihe", "action": "CreateBrowserContext", "result": "SUCCESS", "metadata": {"headless": true, "sadcaptcha_enabled": true}}
[2026-03-13 13:34:11.743] [INFO    ] [ACCOUNT   ] [Thread-140022464049792] {"timestamp": "2026-03-13T13:34:11.743324", "username": "lokihe", "action": "CreateBrowserContext", "result": "SUCCESS", "metadata": {"duration": 0.676631}}
[2026-03-13 13:34:11.743] [INFO    ] [ACCOUNT   ] [Thread-140022464049792] {"timestamp": "2026-03-13T13:34:11.743406", "username": "lokihe", "action": "OpenPage", "result": "STARTED", "metadata": {"url": "https://www.tiktok.com/@bellapoarch/video/6862153058223197445"}}
[2026-03-13 13:34:11.779] [INFO    ] [ACCOUNT   ] [Thread-140022464049792] {"timestamp": "2026-03-13T13:34:11.779016", "username": "lokihe", "action": "NavigateToVideo", "result": "STARTED", "metadata": {"url": "https://www.tiktok.com/@bellapoarch/video/6862153058223197445"}}
[2026-03-13 13:34:22.584] [INFO    ] [ACCOUNT   ] [Thread-140022464049792] {"timestamp": "2026-03-13T13:34:22.584302", "username": "lokihe", "action": "NavigateToVideo", "result": "SUCCESS", "metadata": {"duration": 10.805275}}
[2026-03-13 13:34:22.584] [INFO    ] [ACCOUNT   ] [Thread-140022464049792] {"timestamp": "2026-03-13T13:34:22.584599", "username": "lokihe", "action": "WatchVideo", "result": "STARTED", "metadata": {"planned_duration": "22.6s"}}
[2026-03-13 13:34:45.114] [INFO    ] [ACCOUNT   ] [Thread-140022464049792] {"timestamp": "2026-03-13T13:34:45.114022", "username": "lokihe", "action": "WatchVideo", "result": "SUCCESS", "metadata": {"actual_duration": 22.529411}}
[2026-03-13 13:34:45.114] [INFO    ] [ACCOUNT   ] [Thread-140022464049792] {"timestamp": "2026-03-13T13:34:45.114311", "username": "lokihe", "action": "ScrollToComments", "result": "STARTED", "metadata": {}}
[2026-03-13 13:34:50.288] [INFO    ] [ACCOUNT   ] [Thread-140022464049792] {"timestamp": "2026-03-13T13:34:50.287970", "username": "lokihe", "action": "ScrollToComments", "result": "SUCCESS", "metadata": {}}
[2026-03-13 13:34:50.288] [INFO    ] [ACCOUNT   ] [Thread-140022464049792] {"timestamp": "2026-03-13T13:34:50.288243", "username": "lokihe", "action": "FindCommentBox", "result": "STARTED", "metadata": {}}
[2026-03-13 13:34:50.340] [INFO    ] [ACCOUNT   ] [Thread-140022464049792] {"timestamp": "2026-03-13T13:34:50.340917", "username": "lokihe", "action": "FindCommentBox", "result": "FAILED_ATTEMPTING_AI_RECOVERY", "metadata": {}}
[2026-03-13 13:34:50.374] [INFO    ] [ACCOUNT   ] [Thread-140022464049792] {"timestamp": "2026-03-13T13:34:50.374225", "username": "lokihe", "action": "FindCommentBox", "result": "FAILED_PERMANENTLY", "metadata": {}}
[2026-03-13 13:34:50.374] [INFO    ] [ACCOUNT   ] [Thread-140022464049792] {"timestamp": "2026-03-13T13:34:50.374808", "username": "lokihe", "action": "CloseBrowserContext", "result": "STARTED", "metadata": {}}
[2026-03-13 13:34:50.430] [INFO    ] [ACCOUNT   ] [Thread-140022464049792] {"timestamp": "2026-03-13T13:34:50.430888", "username": "lokihe", "action": "CloseBrowserContext", "result": "SUCCESS", "metadata": {}}
[2026-03-13 13:34:50.431] [INFO    ] [ACCOUNT   ] [Thread-140022464049792] {"timestamp": "2026-03-13T13:34:50.431750", "username": "lokihe", "action": "CloseBrowserContext", "result": "SUCCESS", "metadata": {"duration": 0.056878}}
