[2026-01-09 12:18:20.924] [INFO    ] [PERFORMANCE] [Thread-140675949056640] LoadCookiesFromCSV | 0.027s | SUCCESS
[2026-01-09 12:18:20.933] [INFO    ] [PERFORMANCE] [Thread-140675949056640] VerifyAllCookies | 0.008s | SUCCESS
[2026-01-09 12:18:24.157] [INFO    ] [PERFORMANCE] [Thread-139983616680576] BatchVerifyCookies | 0.000s | SUCCESS
[2026-01-09 12:18:45.441] [INFO    ] [PERFORMANCE] [Thread-140440263041664] InitializeTikTokAPI | 0.000s | SUCCESS
[2026-01-09 12:18:45.443] [INFO    ] [PERFORMANCE] [Thread-140440263041664] SearchByKeyword | 0.000s | FAILED
[2026-01-09 12:18:45.443] [INFO    ] [PERFORMANCE] [Thread-140440263041664] SearchByHashtag | 0.000s | FAILED
[2026-01-09 12:18:51.859] [INFO    ] [PERFORMANCE] [Thread-140440263041664] SearchByKeyword | 0.000s | FAILED
[2026-01-09 12:18:51.860] [INFO    ] [PERFORMANCE] [Thread-140440263041664] SearchByHashtag | 0.000s | FAILED
[2026-01-09 12:18:58.261] [INFO    ] [PERFORMANCE] [Thread-140440263041664] SearchByKeyword | 0.001s | FAILED
[2026-01-09 12:18:58.262] [INFO    ] [PERFORMANCE] [Thread-140440263041664] SearchByHashtag | 0.000s | FAILED
[2026-01-09 12:19:06.101] [INFO    ] [PERFORMANCE] [Thread-140440263041664] SearchByKeyword | 0.000s | FAILED
[2026-01-09 12:19:06.102] [INFO    ] [PERFORMANCE] [Thread-140440263041664] SearchByHashtag | 0.000s | FAILED
[2026-01-09 12:19:16.021] [INFO    ] [PERFORMANCE] [Thread-140440263041664] SearchByKeyword | 0.001s | FAILED
[2026-01-09 12:19:16.022] [INFO    ] [PERFORMANCE] [Thread-140440263041664] SearchByHashtag | 0.001s | FAILED
[2026-01-09 12:19:24.727] [INFO    ] [PERFORMANCE] [Thread-140440263041664] SearchByKeyword | 0.000s | FAILED
[2026-01-09 12:19:24.728] [INFO    ] [PERFORMANCE] [Thread-140440263041664] SearchByHashtag | 0.000s | FAILED
[2026-01-09 12:19:29.884] [INFO    ] [PERFORMANCE] [Thread-140440263041664] SearchByKeyword | 0.000s | FAILED
[2026-01-09 12:19:29.884] [INFO    ] [PERFORMANCE] [Thread-140440263041664] SearchByHashtag | 0.000s | FAILED
[2026-01-09 12:19:37.098] [INFO    ] [PERFORMANCE] [Thread-140440263041664] SearchByKeyword | 0.000s | FAILED
[2026-01-09 12:19:37.099] [INFO    ] [PERFORMANCE] [Thread-140440263041664] SearchByHashtag | 0.000s | FAILED
[2026-01-09 12:19:46.214] [INFO    ] [PERFORMANCE] [Thread-140440263041664] SearchByKeyword | 0.000s | FAILED
[2026-01-09 12:19:46.215] [INFO    ] [PERFORMANCE] [Thread-140440263041664] SearchByHashtag | 0.001s | FAILED
[2026-01-09 12:19:53.640] [INFO    ] [PERFORMANCE] [Thread-140440263041664] SearchByKeyword | 0.000s | FAILED
[2026-01-09 12:19:53.641] [INFO    ] [PERFORMANCE] [Thread-140440263041664] SearchByHashtag | 0.000s | FAILED
[2026-01-09 12:19:59.815] [INFO    ] [PERFORMANCE] [Thread-140440263041664] SearchByKeyword | 0.000s | FAILED
[2026-01-09 12:19:59.816] [INFO    ] [PERFORMANCE] [Thread-140440263041664] SearchByHashtag | 0.000s | FAILED
[2026-01-09 12:20:05.713] [INFO    ] [PERFORMANCE] [Thread-140440263041664] SearchByKeyword | 0.000s | FAILED
[2026-01-09 12:20:05.714] [INFO    ] [PERFORMANCE] [Thread-140440263041664] SearchByHashtag | 0.000s | FAILED
[2026-01-09 12:20:12.187] [INFO    ] [PERFORMANCE] [Thread-140440263041664] SearchByKeyword | 0.000s | FAILED
[2026-01-09 12:20:12.188] [INFO    ] [PERFORMANCE] [Thread-140440263041664] SearchByHashtag | 0.000s | FAILED
[2026-01-09 12:20:19.266] [INFO    ] [PERFORMANCE] [Thread-140440263041664] SearchByKeyword | 0.000s | FAILED
[2026-01-09 12:20:19.266] [INFO    ] [PERFORMANCE] [Thread-140440263041664] SearchByHashtag | 0.000s | FAILED
[2026-01-09 12:20:24.417] [INFO    ] [PERFORMANCE] [Thread-140440263041664] SearchByKeyword | 0.000s | FAILED
[2026-01-09 12:20:24.418] [INFO    ] [PERFORMANCE] [Thread-140440263041664] SearchByHashtag | 0.001s | FAILED
[2026-01-09 12:20:32.092] [INFO    ] [PERFORMANCE] [Thread-140440263041664] DiscoverTargets | 106.650s | SUCCESS
[2026-01-09 12:20:32.093] [INFO    ] [PERFORMANCE] [Thread-140440263041664] DiscoverAndPrioritizeTargets | 106.652s | FAILED
[2026-01-09 12:49:36.863] [INFO    ] [PERFORMANCE] [Thread-140228380177024] InitializeTikTokAPI | 31.787s | FAILED
[2026-01-09 12:49:36.865] [INFO    ] [PERFORMANCE] [Thread-140228380177024] SearchByKeyword | 0.000s | FAILED
[2026-01-09 12:49:36.867] [INFO    ] [PERFORMANCE] [Thread-140228380177024] SearchByHashtag | 0.000s | FAILED
[2026-01-09 12:49:41.946] [INFO    ] [PERFORMANCE] [Thread-140228380177024] SearchByKeyword | 0.000s | FAILED
[2026-01-09 12:49:41.947] [INFO    ] [PERFORMANCE] [Thread-140228380177024] SearchByHashtag | 0.000s | FAILED
[2026-01-09 12:49:48.130] [INFO    ] [PERFORMANCE] [Thread-140228380177024] SearchByKeyword | 0.000s | FAILED
[2026-01-09 12:49:48.131] [INFO    ] [PERFORMANCE] [Thread-140228380177024] SearchByHashtag | 0.000s | FAILED
[2026-01-09 12:49:55.361] [INFO    ] [PERFORMANCE] [Thread-140228380177024] SearchByKeyword | 0.000s | FAILED
[2026-01-09 12:49:55.361] [INFO    ] [PERFORMANCE] [Thread-140228380177024] SearchByHashtag | 0.001s | FAILED
[2026-01-09 12:50:00.658] [INFO    ] [PERFORMANCE] [Thread-140228380177024] SearchByKeyword | 0.000s | FAILED
[2026-01-09 12:50:00.659] [INFO    ] [PERFORMANCE] [Thread-140228380177024] SearchByHashtag | 0.000s | FAILED
[2026-01-09 12:50:06.320] [INFO    ] [PERFORMANCE] [Thread-140228380177024] SearchByKeyword | 0.000s | FAILED
[2026-01-09 12:50:06.321] [INFO    ] [PERFORMANCE] [Thread-140228380177024] SearchByHashtag | 0.000s | FAILED
[2026-01-09 12:50:15.413] [INFO    ] [PERFORMANCE] [Thread-140228380177024] SearchByKeyword | 0.000s | FAILED
[2026-01-09 12:50:15.414] [INFO    ] [PERFORMANCE] [Thread-140228380177024] SearchByHashtag | 0.000s | FAILED
[2026-01-09 12:50:22.206] [INFO    ] [PERFORMANCE] [Thread-140228380177024] SearchByKeyword | 0.000s | FAILED
[2026-01-09 12:50:22.207] [INFO    ] [PERFORMANCE] [Thread-140228380177024] SearchByHashtag | 0.000s | FAILED
[2026-01-09 12:50:29.401] [INFO    ] [PERFORMANCE] [Thread-140228380177024] SearchByKeyword | 0.000s | FAILED
[2026-01-09 12:50:29.402] [INFO    ] [PERFORMANCE] [Thread-140228380177024] SearchByHashtag | 0.000s | FAILED
[2026-01-09 12:50:34.885] [INFO    ] [PERFORMANCE] [Thread-140228380177024] SearchByKeyword | 0.000s | FAILED
[2026-01-09 12:50:34.886] [INFO    ] [PERFORMANCE] [Thread-140228380177024] SearchByHashtag | 0.000s | FAILED
[2026-01-09 12:50:42.200] [INFO    ] [PERFORMANCE] [Thread-140228380177024] SearchByKeyword | 0.000s | FAILED
[2026-01-09 12:50:42.201] [INFO    ] [PERFORMANCE] [Thread-140228380177024] SearchByHashtag | 0.000s | FAILED
[2026-01-09 12:50:48.605] [INFO    ] [PERFORMANCE] [Thread-140228380177024] SearchByKeyword | 0.001s | FAILED
[2026-01-09 12:50:48.606] [INFO    ] [PERFORMANCE] [Thread-140228380177024] SearchByHashtag | 0.001s | FAILED
[2026-01-09 12:50:58.397] [INFO    ] [PERFORMANCE] [Thread-140228380177024] SearchByKeyword | 0.000s | FAILED
[2026-01-09 12:50:58.398] [INFO    ] [PERFORMANCE] [Thread-140228380177024] SearchByHashtag | 0.000s | FAILED
[2026-01-09 12:51:06.781] [INFO    ] [PERFORMANCE] [Thread-140228380177024] SearchByKeyword | 0.000s | FAILED
[2026-01-09 12:51:06.781] [INFO    ] [PERFORMANCE] [Thread-140228380177024] SearchByHashtag | 0.000s | FAILED
[2026-01-09 12:51:13.267] [INFO    ] [PERFORMANCE] [Thread-140228380177024] SearchByKeyword | 0.000s | FAILED
[2026-01-09 12:51:13.268] [INFO    ] [PERFORMANCE] [Thread-140228380177024] SearchByHashtag | 0.000s | FAILED
[2026-01-09 12:51:21.970] [INFO    ] [PERFORMANCE] [Thread-140228380177024] DiscoverTargets | 105.106s | SUCCESS
[2026-01-09 12:51:21.971] [INFO    ] [PERFORMANCE] [Thread-140228380177024] DiscoverAndPrioritizeTargets | 136.895s | FAILED
[2026-01-09 12:51:51.893] [INFO    ] [PERFORMANCE] [Thread-139814862537344] InitializeTikTokAPI | 9.722s | SUCCESS
[2026-01-09 12:51:51.894] [INFO    ] [PERFORMANCE] [Thread-139814862537344] SearchByKeyword | 0.000s | FAILED
[2026-01-09 12:51:52.185] [INFO    ] [PERFORMANCE] [Thread-139814862537344] SearchByHashtag | 0.291s | FAILED
[2026-01-09 12:51:58.262] [INFO    ] [PERFORMANCE] [Thread-139814862537344] SearchByKeyword | 0.001s | FAILED
[2026-01-09 12:51:58.350] [INFO    ] [PERFORMANCE] [Thread-139814862537344] SearchByHashtag | 0.088s | FAILED
[2026-01-09 12:52:04.572] [INFO    ] [PERFORMANCE] [Thread-139814862537344] SearchByKeyword | 0.000s | FAILED
[2026-01-09 12:52:04.669] [INFO    ] [PERFORMANCE] [Thread-139814862537344] SearchByHashtag | 0.097s | FAILED
[2026-01-09 12:52:09.838] [INFO    ] [PERFORMANCE] [Thread-139814862537344] SearchByKeyword | 0.000s | FAILED
[2026-01-09 12:52:09.944] [INFO    ] [PERFORMANCE] [Thread-139814862537344] SearchByHashtag | 0.105s | FAILED
[2026-01-09 12:52:15.453] [INFO    ] [PERFORMANCE] [Thread-139814862537344] SearchByKeyword | 0.000s | FAILED
[2026-01-09 12:52:15.538] [INFO    ] [PERFORMANCE] [Thread-139814862537344] SearchByHashtag | 0.085s | FAILED
[2026-01-09 12:52:24.151] [INFO    ] [PERFORMANCE] [Thread-139814862537344] SearchByKeyword | 0.000s | FAILED
[2026-01-09 12:52:24.236] [INFO    ] [PERFORMANCE] [Thread-139814862537344] SearchByHashtag | 0.084s | FAILED
[2026-01-09 12:52:33.563] [INFO    ] [PERFORMANCE] [Thread-139814862537344] SearchByKeyword | 0.000s | FAILED
[2026-01-09 12:52:33.645] [INFO    ] [PERFORMANCE] [Thread-139814862537344] SearchByHashtag | 0.081s | FAILED
[2026-01-09 12:52:37.425] [INFO    ] [PERFORMANCE] [Thread-139689960469120] InitializeTikTokAPI | 18.487s | SUCCESS
[2026-01-09 12:52:37.426] [INFO    ] [PERFORMANCE] [Thread-139689960469120] SearchByKeyword | 0.000s | FAILED
[2026-01-09 12:52:37.537] [INFO    ] [PERFORMANCE] [Thread-139689960469120] SearchByHashtag | 0.110s | FAILED
[2026-01-09 12:52:42.017] [INFO    ] [PERFORMANCE] [Thread-139814862537344] SearchByKeyword | 0.000s | FAILED
[2026-01-09 12:52:42.117] [INFO    ] [PERFORMANCE] [Thread-139814862537344] SearchByHashtag | 0.100s | FAILED
[2026-01-09 12:52:43.042] [INFO    ] [PERFORMANCE] [Thread-139689960469120] SearchByKeyword | 0.000s | FAILED
[2026-01-09 12:52:43.139] [INFO    ] [PERFORMANCE] [Thread-139689960469120] SearchByHashtag | 0.097s | FAILED
[2026-01-09 12:52:48.399] [INFO    ] [PERFORMANCE] [Thread-139689960469120] SearchByKeyword | 0.000s | FAILED
[2026-01-09 12:52:48.496] [INFO    ] [PERFORMANCE] [Thread-139689960469120] SearchByHashtag | 0.097s | FAILED
[2026-01-09 12:52:49.530] [INFO    ] [PERFORMANCE] [Thread-139814862537344] SearchByKeyword | 0.000s | FAILED
[2026-01-09 12:52:49.631] [INFO    ] [PERFORMANCE] [Thread-139814862537344] SearchByHashtag | 0.100s | FAILED
[2026-01-09 12:52:56.371] [INFO    ] [PERFORMANCE] [Thread-139814862537344] SearchByKeyword | 0.000s | FAILED
[2026-01-09 12:52:56.474] [INFO    ] [PERFORMANCE] [Thread-139814862537344] SearchByHashtag | 0.102s | FAILED
[2026-01-09 12:52:56.835] [INFO    ] [PERFORMANCE] [Thread-139689960469120] SearchByKeyword | 0.000s | FAILED
[2026-01-09 12:52:57.014] [INFO    ] [PERFORMANCE] [Thread-139689960469120] SearchByHashtag | 0.178s | FAILED
[2026-01-09 12:53:01.582] [INFO    ] [PERFORMANCE] [Thread-139814862537344] SearchByKeyword | 0.000s | FAILED
[2026-01-09 12:53:01.661] [INFO    ] [PERFORMANCE] [Thread-139814862537344] SearchByHashtag | 0.079s | FAILED
[2026-01-09 12:53:05.852] [INFO    ] [PERFORMANCE] [Thread-139689960469120] SearchByKeyword | 0.000s | FAILED
[2026-01-09 12:53:05.941] [INFO    ] [PERFORMANCE] [Thread-139689960469120] SearchByHashtag | 0.089s | FAILED
[2026-01-09 12:53:06.843] [INFO    ] [PERFORMANCE] [Thread-139814862537344] SearchByKeyword | 0.000s | FAILED
[2026-01-09 12:53:06.974] [INFO    ] [PERFORMANCE] [Thread-139814862537344] SearchByHashtag | 0.131s | FAILED
[2026-01-09 12:53:11.131] [INFO    ] [PERFORMANCE] [Thread-140586017235584] InitializeTikTokAPI | 16.737s | SUCCESS
[2026-01-09 12:53:11.132] [INFO    ] [PERFORMANCE] [Thread-140586017235584] SearchByKeyword | 0.000s | FAILED
[2026-01-09 12:53:11.245] [INFO    ] [PERFORMANCE] [Thread-140586017235584] SearchByHashtag | 0.113s | FAILED
[2026-01-09 12:53:15.337] [INFO    ] [PERFORMANCE] [Thread-139689960469120] SearchByKeyword | 0.001s | FAILED
[2026-01-09 12:53:15.722] [INFO    ] [PERFORMANCE] [Thread-139689960469120] SearchByHashtag | 0.384s | SUCCESS
[2026-01-09 12:53:16.365] [INFO    ] [PERFORMANCE] [Thread-139814862537344] SearchByKeyword | 0.001s | FAILED
[2026-01-09 12:53:16.458] [INFO    ] [PERFORMANCE] [Thread-139814862537344] SearchByHashtag | 0.093s | FAILED
[2026-01-09 12:53:20.867] [INFO    ] [PERFORMANCE] [Thread-140586017235584] SearchByKeyword | 0.000s | FAILED
[2026-01-09 12:53:20.945] [INFO    ] [PERFORMANCE] [Thread-140586017235584] SearchByHashtag | 0.078s | FAILED
[2026-01-09 12:53:21.933] [INFO    ] [PERFORMANCE] [Thread-139689960469120] SearchByKeyword | 0.000s | FAILED
[2026-01-09 12:53:22.022] [INFO    ] [PERFORMANCE] [Thread-139689960469120] SearchByHashtag | 0.088s | FAILED
[2026-01-09 12:53:25.027] [INFO    ] [PERFORMANCE] [Thread-139814862537344] SearchByKeyword | 0.000s | FAILED
[2026-01-09 12:53:25.120] [INFO    ] [PERFORMANCE] [Thread-139814862537344] SearchByHashtag | 0.093s | FAILED
[2026-01-09 12:53:27.755] [INFO    ] [PERFORMANCE] [Thread-139689960469120] SearchByKeyword | 0.000s | FAILED
[2026-01-09 12:53:28.046] [INFO    ] [PERFORMANCE] [Thread-139689960469120] SearchByHashtag | 0.290s | FAILED
[2026-01-09 12:53:30.355] [INFO    ] [PERFORMANCE] [Thread-140586017235584] SearchByKeyword | 0.000s | FAILED
[2026-01-09 12:53:30.427] [INFO    ] [PERFORMANCE] [Thread-140586017235584] SearchByHashtag | 0.071s | FAILED
[2026-01-09 12:53:31.040] [INFO    ] [PERFORMANCE] [Thread-139814862537344] SearchByKeyword | 0.001s | FAILED
[2026-01-09 12:53:31.127] [INFO    ] [PERFORMANCE] [Thread-139814862537344] SearchByHashtag | 0.087s | FAILED
[2026-01-09 12:53:33.280] [INFO    ] [PERFORMANCE] [Thread-139689960469120] SearchByKeyword | 0.000s | FAILED
[2026-01-09 12:53:33.448] [INFO    ] [PERFORMANCE] [Thread-139689960469120] SearchByHashtag | 0.168s | FAILED
[2026-01-09 12:53:36.283] [INFO    ] [PERFORMANCE] [Thread-140586017235584] SearchByKeyword | 0.000s | FAILED
[2026-01-09 12:53:36.359] [INFO    ] [PERFORMANCE] [Thread-140586017235584] SearchByHashtag | 0.075s | FAILED
[2026-01-09 12:53:36.711] [INFO    ] [PERFORMANCE] [Thread-139814862537344] DiscoverTargets | 104.817s | SUCCESS
[2026-01-09 12:53:36.712] [INFO    ] [PERFORMANCE] [Thread-139814862537344] DiscoverAndPrioritizeTargets | 114.541s | FAILED
[2026-01-09 12:53:39.227] [INFO    ] [PERFORMANCE] [Thread-139689960469120] SearchByKeyword | 0.000s | FAILED
[2026-01-09 12:53:39.348] [INFO    ] [PERFORMANCE] [Thread-139689960469120] SearchByHashtag | 0.121s | FAILED
[2026-01-09 12:53:42.611] [INFO    ] [PERFORMANCE] [Thread-140586017235584] SearchByKeyword | 0.000s | FAILED
[2026-01-09 12:53:42.693] [INFO    ] [PERFORMANCE] [Thread-140586017235584] SearchByHashtag | 0.082s | FAILED
[2026-01-09 12:53:45.515] [INFO    ] [PERFORMANCE] [Thread-139689960469120] SearchByKeyword | 0.001s | FAILED
[2026-01-09 12:53:45.606] [INFO    ] [PERFORMANCE] [Thread-139689960469120] SearchByHashtag | 0.091s | FAILED
[2026-01-09 12:53:49.245] [INFO    ] [PERFORMANCE] [Thread-140586017235584] SearchByKeyword | 0.001s | FAILED
[2026-01-09 12:53:49.326] [INFO    ] [PERFORMANCE] [Thread-140586017235584] SearchByHashtag | 0.081s | FAILED
[2026-01-09 12:53:50.078] [INFO    ] [PERFORMANCE] [Thread-140286231380608] InitializeTikTokAPI | 20.870s | SUCCESS
[2026-01-09 12:53:50.079] [INFO    ] [PERFORMANCE] [Thread-140286231380608] SearchByKeyword | 0.000s | FAILED
[2026-01-09 12:53:50.165] [INFO    ] [PERFORMANCE] [Thread-140286231380608] SearchByHashtag | 0.086s | FAILED
[2026-01-09 12:53:50.779] [INFO    ] [PERFORMANCE] [Thread-139689960469120] SearchByKeyword | 0.001s | FAILED
[2026-01-09 12:53:50.875] [INFO    ] [PERFORMANCE] [Thread-139689960469120] SearchByHashtag | 0.095s | FAILED
[2026-01-09 12:53:57.178] [INFO    ] [PERFORMANCE] [Thread-140586017235584] SearchByKeyword | 0.001s | FAILED
[2026-01-09 12:53:57.248] [INFO    ] [PERFORMANCE] [Thread-140586017235584] SearchByHashtag | 0.070s | FAILED
[2026-01-09 12:54:00.129] [INFO    ] [PERFORMANCE] [Thread-140286231380608] SearchByKeyword | 0.000s | FAILED
[2026-01-09 12:54:00.195] [INFO    ] [PERFORMANCE] [Thread-140286231380608] SearchByHashtag | 0.066s | FAILED
[2026-01-09 12:54:00.279] [INFO    ] [PERFORMANCE] [Thread-139689960469120] SearchByKeyword | 0.000s | FAILED
[2026-01-09 12:54:00.522] [INFO    ] [PERFORMANCE] [Thread-139689960469120] SearchByHashtag | 0.242s | FAILED
[2026-01-09 12:54:01.695] [INFO    ] [PERFORMANCE] [Thread-140521661411968] DolphinX1_Setup | 0.208s | FAILED
[2026-01-09 12:54:05.475] [INFO    ] [PERFORMANCE] [Thread-140586017235584] SearchByKeyword | 0.001s | FAILED
[2026-01-09 12:54:05.579] [INFO    ] [PERFORMANCE] [Thread-140286231380608] SearchByKeyword | 0.000s | FAILED
[2026-01-09 12:54:05.611] [INFO    ] [PERFORMANCE] [Thread-140586017235584] SearchByHashtag | 0.135s | FAILED
[2026-01-09 12:54:05.646] [INFO    ] [PERFORMANCE] [Thread-140286231380608] SearchByHashtag | 0.066s | FAILED
[2026-01-09 12:54:05.652] [INFO    ] [PERFORMANCE] [Thread-139689960469120] SearchByKeyword | 0.000s | FAILED
[2026-01-09 12:54:05.798] [INFO    ] [PERFORMANCE] [Thread-139689960469120] SearchByHashtag | 0.145s | FAILED
[2026-01-09 12:54:11.887] [INFO    ] [PERFORMANCE] [Thread-139689960469120] SearchByKeyword | 0.000s | FAILED
[2026-01-09 12:54:11.989] [INFO    ] [PERFORMANCE] [Thread-139689960469120] SearchByHashtag | 0.101s | FAILED
[2026-01-09 12:54:13.735] [INFO    ] [PERFORMANCE] [Thread-140586017235584] SearchByKeyword | 0.000s | FAILED
[2026-01-09 12:54:13.812] [INFO    ] [PERFORMANCE] [Thread-140586017235584] SearchByHashtag | 0.077s | FAILED
[2026-01-09 12:54:15.052] [INFO    ] [PERFORMANCE] [Thread-140286231380608] SearchByKeyword | 0.001s | FAILED
[2026-01-09 12:54:15.130] [INFO    ] [PERFORMANCE] [Thread-140286231380608] SearchByHashtag | 0.078s | FAILED
[2026-01-09 12:54:17.762] [INFO    ] [PERFORMANCE] [Thread-139689960469120] DiscoverTargets | 100.337s | SUCCESS
[2026-01-09 12:54:17.763] [INFO    ] [PERFORMANCE] [Thread-139689960469120] DiscoverAndPrioritizeTargets | 118.826s | FAILED
[2026-01-09 12:54:18.720] [INFO    ] [PERFORMANCE] [Thread-139965946040960] DolphinX1_Setup | 0.113s | FAILED
[2026-01-09 12:54:20.200] [INFO    ] [PERFORMANCE] [Thread-140286231380608] SearchByKeyword | 0.001s | FAILED
[2026-01-09 12:54:20.276] [INFO    ] [PERFORMANCE] [Thread-140286231380608] SearchByHashtag | 0.076s | FAILED
[2026-01-09 12:54:23.574] [INFO    ] [PERFORMANCE] [Thread-140586017235584] SearchByKeyword | 0.000s | FAILED
[2026-01-09 12:54:23.636] [INFO    ] [PERFORMANCE] [Thread-140586017235584] SearchByHashtag | 0.061s | FAILED
[2026-01-09 12:54:25.811] [INFO    ] [PERFORMANCE] [Thread-140286231380608] SearchByKeyword | 0.000s | FAILED
[2026-01-09 12:54:25.875] [INFO    ] [PERFORMANCE] [Thread-140286231380608] SearchByHashtag | 0.064s | FAILED
[2026-01-09 12:54:27.753] [INFO    ] [PERFORMANCE] [Thread-139844802019968] DolphinX1_Setup | 0.127s | FAILED
[2026-01-09 12:54:32.853] [INFO    ] [PERFORMANCE] [Thread-140586017235584] SearchByKeyword | 0.000s | FAILED
[2026-01-09 12:54:32.943] [INFO    ] [PERFORMANCE] [Thread-140586017235584] SearchByHashtag | 0.089s | FAILED
[2026-01-09 12:54:33.350] [INFO    ] [PERFORMANCE] [Thread-140286231380608] SearchByKeyword | 0.000s | FAILED
[2026-01-09 12:54:33.430] [INFO    ] [PERFORMANCE] [Thread-140286231380608] SearchByHashtag | 0.080s | FAILED
[2026-01-09 12:54:36.388] [INFO    ] [PERFORMANCE] [Thread-139744485188224] DolphinX1_Setup | 0.124s | FAILED
[2026-01-09 12:54:39.699] [INFO    ] [PERFORMANCE] [Thread-140586017235584] SearchByKeyword | 0.000s | FAILED
[2026-01-09 12:54:39.778] [INFO    ] [PERFORMANCE] [Thread-140586017235584] SearchByHashtag | 0.078s | FAILED
[2026-01-09 12:54:41.237] [INFO    ] [PERFORMANCE] [Thread-140286231380608] SearchByKeyword | 0.000s | FAILED
[2026-01-09 12:54:41.302] [INFO    ] [PERFORMANCE] [Thread-140286231380608] SearchByHashtag | 0.064s | FAILED
[2026-01-09 12:54:45.670] [INFO    ] [PERFORMANCE] [Thread-140417415787136] DolphinX1_Setup | 0.137s | FAILED
[2026-01-09 12:54:46.349] [INFO    ] [PERFORMANCE] [Thread-140286231380608] SearchByKeyword | 0.000s | FAILED
[2026-01-09 12:54:46.527] [INFO    ] [PERFORMANCE] [Thread-140286231380608] SearchByHashtag | 0.178s | FAILED
[2026-01-09 12:54:48.923] [INFO    ] [PERFORMANCE] [Thread-140586017235584] SearchByKeyword | 0.000s | FAILED
[2026-01-09 12:54:48.991] [INFO    ] [PERFORMANCE] [Thread-140586017235584] SearchByHashtag | 0.068s | FAILED
[2026-01-09 12:54:54.578] [INFO    ] [PERFORMANCE] [Thread-140286231380608] SearchByKeyword | 0.000s | FAILED
[2026-01-09 12:54:54.781] [INFO    ] [PERFORMANCE] [Thread-140286231380608] SearchByHashtag | 0.203s | FAILED
[2026-01-09 12:54:54.807] [INFO    ] [PERFORMANCE] [Thread-140553767957120] DolphinX1_Setup | 0.124s | FAILED
[2026-01-09 12:54:57.159] [INFO    ] [PERFORMANCE] [Thread-140586017235584] SearchByKeyword | 0.001s | FAILED
[2026-01-09 12:54:57.251] [INFO    ] [PERFORMANCE] [Thread-140586017235584] SearchByHashtag | 0.092s | FAILED
[2026-01-09 12:55:00.853] [INFO    ] [PERFORMANCE] [Thread-140286231380608] SearchByKeyword | 0.000s | FAILED
[2026-01-09 12:55:00.916] [INFO    ] [PERFORMANCE] [Thread-140286231380608] SearchByHashtag | 0.062s | FAILED
[2026-01-09 12:55:03.582] [INFO    ] [PERFORMANCE] [Thread-140269718508160] DolphinX1_Setup | 0.127s | FAILED
[2026-01-09 12:55:04.970] [INFO    ] [PERFORMANCE] [Thread-140586017235584] SearchByKeyword | 0.000s | FAILED
[2026-01-09 12:55:05.084] [INFO    ] [PERFORMANCE] [Thread-140586017235584] SearchByHashtag | 0.114s | FAILED
[2026-01-09 12:55:06.618] [INFO    ] [PERFORMANCE] [Thread-140286231380608] SearchByKeyword | 0.000s | FAILED
[2026-01-09 12:55:06.679] [INFO    ] [PERFORMANCE] [Thread-140286231380608] SearchByHashtag | 0.061s | FAILED
[2026-01-09 12:55:10.888] [INFO    ] [PERFORMANCE] [Thread-140586017235584] DiscoverTargets | 119.756s | SUCCESS
[2026-01-09 12:55:10.889] [INFO    ] [PERFORMANCE] [Thread-140586017235584] DiscoverAndPrioritizeTargets | 136.495s | FAILED
[2026-01-09 12:55:14.977] [INFO    ] [PERFORMANCE] [Thread-140286231380608] SearchByKeyword | 0.000s | FAILED
[2026-01-09 12:55:15.046] [INFO    ] [PERFORMANCE] [Thread-140286231380608] SearchByHashtag | 0.069s | FAILED
[2026-01-09 12:55:22.491] [INFO    ] [PERFORMANCE] [Thread-140286231380608] SearchByKeyword | 0.000s | FAILED
[2026-01-09 12:55:22.568] [INFO    ] [PERFORMANCE] [Thread-140286231380608] SearchByHashtag | 0.076s | FAILED
[2026-01-09 12:55:30.070] [INFO    ] [PERFORMANCE] [Thread-140286231380608] SearchByKeyword | 0.000s | FAILED
[2026-01-09 12:55:30.150] [INFO    ] [PERFORMANCE] [Thread-140286231380608] SearchByHashtag | 0.079s | FAILED
[2026-01-09 12:55:35.379] [INFO    ] [PERFORMANCE] [Thread-139880548246144] DolphinX1_Setup | 0.118s | FAILED
[2026-01-09 12:55:37.559] [INFO    ] [PERFORMANCE] [Thread-140286231380608] DiscoverTargets | 107.480s | SUCCESS
[2026-01-09 12:55:37.559] [INFO    ] [PERFORMANCE] [Thread-140286231380608] DiscoverAndPrioritizeTargets | 128.352s | FAILED
[2026-01-09 12:55:41.363] [INFO    ] [PERFORMANCE] [Thread-139878559666816] DolphinX1_Setup | 0.125s | FAILED
[2026-01-09 12:56:39.070] [INFO    ] [PERFORMANCE] [Thread-139991500890752] DolphinX1_Setup | 0.118s | FAILED
[2026-01-09 12:56:41.965] [INFO    ] [PERFORMANCE] [Thread-139991500890752] CommandCenter_Startup | 0.000s | FAILED
[2026-01-09 12:56:52.653] [INFO    ] [PERFORMANCE] [Thread-140513488908928] DolphinX1_Setup | 0.140s | FAILED
[2026-01-09 12:56:55.534] [INFO    ] [PERFORMANCE] [Thread-140513488908928] JarvisBrain_Startup | 0.000s | SUCCESS
[2026-01-09 12:57:28.337] [INFO    ] [PERFORMANCE] [Thread-140513488908928] InitializeTikTokAPI | 29.798s | FAILED
[2026-01-09 12:57:28.339] [INFO    ] [PERFORMANCE] [Thread-140513488908928] SearchByKeyword | 0.000s | FAILED
[2026-01-09 12:57:28.340] [INFO    ] [PERFORMANCE] [Thread-140513488908928] SearchByHashtag | 0.001s | FAILED
[2026-01-09 12:57:33.782] [INFO    ] [PERFORMANCE] [Thread-140513488908928] SearchByKeyword | 0.001s | FAILED
[2026-01-09 12:57:33.783] [INFO    ] [PERFORMANCE] [Thread-140513488908928] SearchByHashtag | 0.001s | FAILED
